{
  "stats": {
    "suites": 1,
    "tests": 1,
    "passes": 0,
    "pending": 0,
    "failures": 1,
    "start": "2025-08-16T20:54:59.693Z",
    "end": "2025-08-16T20:54:59.758Z",
    "duration": 65,
    "testsRegistered": 1,
    "passPercent": 0,
    "pendingPercent": 0,
    "other": 0,
    "hasOther": false,
    "skipped": 0,
    "hasSkipped": false
  },
  "results": [
    {
      "uuid": "d3c3385c-73f2-4e1a-becd-80a72ee3884b",
      "title": "",
      "fullFile": "C:\\Users\\conta\\Implementation-Day-Grupo-2\\tests\\validarSemana.test.js",
      "file": "\\tests\\validarSemana.test.js",
      "beforeHooks": [],
      "afterHooks": [],
      "tests": [],
      "suites": [
        {
          "uuid": "a1429f54-5af4-4ccd-87a5-c09ea4a1e3e2",
          "title": "GET /gym/validar-semana/{weekOffSet}",
          "fullFile": "C:\\Users\\conta\\Implementation-Day-Grupo-2\\tests\\validarSemana.test.js",
          "file": "\\tests\\validarSemana.test.js",
          "beforeHooks": [
            {
              "title": "\"before all\" hook in \"GET /gym/validar-semana/{weekOffSet}\"",
              "fullTitle": "GET /gym/validar-semana/{weekOffSet} \"before all\" hook in \"GET /gym/validar-semana/{weekOffSet}\"",
              "timedOut": false,
              "duration": 49,
              "state": null,
              "speed": null,
              "pass": false,
              "fail": false,
              "pending": false,
              "context": null,
              "code": "const loginResponse = await request(process.env.BASE_URL)\n           .post('/api/auth/login')\n           .set('Content-Type', 'application/json')\n           .send({\n               email: 'maria@example.com',\n               password: 'senha123'\n           });\n       token = loginResponse.body.token;",
              "err": {},
              "uuid": "f00f2987-f772-48c7-9f93-66876259e0c0",
              "parentUUID": "a1429f54-5af4-4ccd-87a5-c09ea4a1e3e2",
              "isHook": true,
              "skipped": false
            }
          ],
          "afterHooks": [],
          "tests": [
            {
              "title": "Deve retornar 201 quando validar que um aluno de nível 1 tem semana bem-sucedida",
              "fullTitle": "GET /gym/validar-semana/{weekOffSet} Deve retornar 201 quando validar que um aluno de nível 1 tem semana bem-sucedida",
              "timedOut": false,
              "duration": 10,
              "state": "failed",
              "speed": null,
              "pass": false,
              "fail": true,
              "pending": false,
              "context": null,
              "code": "const weekOffSet = 1;\n        \nconst resposta = await request(process.env.BASE_URL)\n    .get(`/api/gym/validar-semana/${weekOffSet}`)\n    .set('Authorization', `Bearer ${token}`)\nexpect(resposta.status).to.equal(201);\nexpect(resposta.body.success).to.equal(true);\nexpect(resposta.body.data.message).to.equal('pontos adicionados');",
              "err": {
                "message": "AssertionError: expected 200 to equal 201",
                "estack": "AssertionError: expected 200 to equal 201\n    at Context.<anonymous> (tests\\validarSemana.test.js:27:36)\n    at process.processTicksAndRejections (node:internal/process/task_queues:105:5)",
                "diff": "- 200\n+ 201\n"
              },
              "uuid": "d28dcf10-ed0d-4abc-8c26-0a537a6e7490",
              "parentUUID": "a1429f54-5af4-4ccd-87a5-c09ea4a1e3e2",
              "isHook": false,
              "skipped": false
            }
          ],
          "suites": [],
          "passes": [],
          "failures": [
            "d28dcf10-ed0d-4abc-8c26-0a537a6e7490"
          ],
          "pending": [],
          "skipped": [],
          "duration": 10,
          "root": false,
          "rootEmpty": false,
          "_timeout": 2000
        }
      ],
      "passes": [],
      "failures": [],
      "pending": [],
      "skipped": [],
      "duration": 0,
      "root": true,
      "rootEmpty": true,
      "_timeout": 2000
    }
  ],
  "meta": {
    "mocha": {
      "version": "11.7.1"
    },
    "mochawesome": {
      "options": {
        "quiet": false,
        "reportFilename": "mochawesome",
        "saveHtml": true,
        "saveJson": true,
        "consoleReporter": "spec",
        "useInlineDiffs": false,
        "code": true
      },
      "version": "7.1.3"
    },
    "marge": {
      "options": null,
      "version": "6.2.0"
    }
  }
}